2023-01-14 23:20:15,443 INFO o.a.j.u.JMeterUtils: Setting Locale to en_EN
2023-01-14 23:20:15,462 INFO o.a.j.JMeter: Loading user properties from: /home/miyagi/Desktop/ASCN/ASCN/apache-jmeter-5.5/bin/user.properties
2023-01-14 23:20:15,462 INFO o.a.j.JMeter: Loading system properties from: /home/miyagi/Desktop/ASCN/ASCN/apache-jmeter-5.5/bin/system.properties
2023-01-14 23:20:15,474 INFO o.a.j.JMeter: Copyright (c) 1998-2022 The Apache Software Foundation
2023-01-14 23:20:15,474 INFO o.a.j.JMeter: Version 5.5
2023-01-14 23:20:15,474 INFO o.a.j.JMeter: java.version=19.0.1
2023-01-14 23:20:15,474 INFO o.a.j.JMeter: java.vm.name=OpenJDK 64-Bit Server VM
2023-01-14 23:20:15,475 INFO o.a.j.JMeter: os.name=Linux
2023-01-14 23:20:15,475 INFO o.a.j.JMeter: os.arch=amd64
2023-01-14 23:20:15,475 INFO o.a.j.JMeter: os.version=5.15.85-1-MANJARO
2023-01-14 23:20:15,475 INFO o.a.j.JMeter: file.encoding=UTF-8
2023-01-14 23:20:15,475 INFO o.a.j.JMeter: java.awt.headless=true
2023-01-14 23:20:15,475 INFO o.a.j.JMeter: Max memory     =1073741824
2023-01-14 23:20:15,475 INFO o.a.j.JMeter: Available Processors =8
2023-01-14 23:20:15,483 INFO o.a.j.JMeter: Default Locale=English (EN)
2023-01-14 23:20:15,483 INFO o.a.j.JMeter: JMeter  Locale=English (EN)
2023-01-14 23:20:15,483 INFO o.a.j.JMeter: JMeterHome=/home/miyagi/Desktop/ASCN/ASCN/apache-jmeter-5.5
2023-01-14 23:20:15,484 INFO o.a.j.JMeter: user.dir  =/home/miyagi/Desktop/ASCN/ASCN
2023-01-14 23:20:15,484 INFO o.a.j.JMeter: PWD       =/home/miyagi/Desktop/ASCN/ASCN
2023-01-14 23:20:15,484 INFO o.a.j.JMeter: IP: 127.0.1.1 Name: TUF61 FullName: TUF61
2023-01-14 23:20:15,510 INFO o.a.j.s.FileServer: Default base='/home/miyagi/Desktop/ASCN/ASCN'
2023-01-14 23:20:15,512 INFO o.a.j.s.FileServer: Set new base='/home/miyagi/Desktop/ASCN/ASCN/jmeter'
2023-01-14 23:20:15,738 INFO o.a.j.s.SaveService: Testplan (JMX) version: 2.2. Testlog (JTL) version: 2.2
2023-01-14 23:20:15,764 INFO o.a.j.s.SaveService: Using SaveService properties version 5.0
2023-01-14 23:20:15,767 INFO o.a.j.s.SaveService: Using SaveService properties file encoding UTF-8
2023-01-14 23:20:15,773 INFO o.a.j.s.SaveService: Loading file: jmeter/ghost_get_100_20.jmx
2023-01-14 23:20:15,828 INFO o.a.j.p.h.s.HTTPSamplerBase: Parser for text/html is org.apache.jmeter.protocol.http.parser.LagartoBasedHtmlParser
2023-01-14 23:20:15,828 INFO o.a.j.p.h.s.HTTPSamplerBase: Parser for application/xhtml+xml is org.apache.jmeter.protocol.http.parser.LagartoBasedHtmlParser
2023-01-14 23:20:15,829 INFO o.a.j.p.h.s.HTTPSamplerBase: Parser for application/xml is org.apache.jmeter.protocol.http.parser.LagartoBasedHtmlParser
2023-01-14 23:20:15,829 INFO o.a.j.p.h.s.HTTPSamplerBase: Parser for text/xml is org.apache.jmeter.protocol.http.parser.LagartoBasedHtmlParser
2023-01-14 23:20:15,829 INFO o.a.j.p.h.s.HTTPSamplerBase: Parser for text/vnd.wap.wml is org.apache.jmeter.protocol.http.parser.RegexpHTMLParser
2023-01-14 23:20:15,829 INFO o.a.j.p.h.s.HTTPSamplerBase: Parser for text/css is org.apache.jmeter.protocol.http.parser.CssParser
2023-01-14 23:20:15,850 INFO o.a.j.JMeter: Creating summariser <summary>
2023-01-14 23:20:15,872 INFO o.a.j.e.StandardJMeterEngine: Running the test!
2023-01-14 23:20:15,876 INFO o.a.j.s.SampleEvent: List of sample_variables: []
2023-01-14 23:20:15,876 INFO o.a.j.s.SampleEvent: List of sample_variables: []
2023-01-14 23:20:15,882 INFO o.a.j.e.u.CompoundVariable: Note: Function class names must contain the string: '.functions.'
2023-01-14 23:20:15,882 INFO o.a.j.e.u.CompoundVariable: Note: Function class names must not contain the string: '.gui.'
2023-01-14 23:20:15,946 INFO o.a.j.JMeter: Running test (1673738415946)
2023-01-14 23:20:15,975 INFO o.a.j.e.StandardJMeterEngine: Starting ThreadGroup: 1 : Thread Group
2023-01-14 23:20:15,975 INFO o.a.j.e.StandardJMeterEngine: Starting 100 threads for group Thread Group.
2023-01-14 23:20:15,975 INFO o.a.j.e.StandardJMeterEngine: Thread will continue on error
2023-01-14 23:20:15,975 INFO o.a.j.t.ThreadGroup: Starting thread group... number=1 threads=100 ramp-up=1 delayedStart=false
2023-01-14 23:20:15,980 INFO o.a.j.t.JMeterThread: Thread started: Thread Group 1-1
2023-01-14 23:20:15,988 INFO o.a.j.t.JMeterThread: Thread started: Thread Group 1-2
2023-01-14 23:20:15,998 INFO o.a.j.t.JMeterThread: Thread started: Thread Group 1-3
2023-01-14 23:20:16,000 INFO o.a.j.p.h.s.HTTPHCAbstractImpl: Local host = TUF61
2023-01-14 23:20:16,006 INFO o.a.j.t.ThreadGroup: Started thread group number 1
2023-01-14 23:20:16,007 INFO o.a.j.e.StandardJMeterEngine: All thread groups have been started
2023-01-14 23:20:16,008 INFO o.a.j.p.h.s.HTTPHC4Impl: HTTP request retry count = 0
2023-01-14 23:20:16,008 INFO o.a.j.t.JMeterThread: Thread started: Thread Group 1-4
2023-01-14 23:20:16,009 INFO o.a.j.s.SampleResult: Note: Sample TimeStamps are START times
2023-01-14 23:20:16,009 INFO o.a.j.s.SampleResult: sampleresult.default.encoding is set to ISO-8859-1
2023-01-14 23:20:16,009 INFO o.a.j.s.SampleResult: sampleresult.useNanoTime=true
2023-01-14 23:20:16,009 INFO o.a.j.s.SampleResult: sampleresult.nanoThreadSleep=5000
2023-01-14 23:20:16,018 INFO o.a.j.t.JMeterThread: Thread started: Thread Group 1-5
2023-01-14 23:20:16,027 INFO o.a.j.t.JMeterThread: Thread started: Thread Group 1-6
2023-01-14 23:20:16,037 INFO o.a.j.t.JMeterThread: Thread started: Thread Group 1-7
2023-01-14 23:20:16,047 INFO o.a.j.t.JMeterThread: Thread started: Thread Group 1-8
2023-01-14 23:20:16,057 INFO o.a.j.t.JMeterThread: Thread started: Thread Group 1-9
2023-01-14 23:20:16,067 INFO o.a.j.t.JMeterThread: Thread started: Thread Group 1-10
2023-01-14 23:20:16,077 INFO o.a.j.t.JMeterThread: Thread started: Thread Group 1-11
2023-01-14 23:20:16,086 INFO o.a.j.t.JMeterThread: Thread started: Thread Group 1-12
2023-01-14 23:20:16,096 INFO o.a.j.t.JMeterThread: Thread started: Thread Group 1-13
2023-01-14 23:20:16,106 INFO o.a.j.t.JMeterThread: Thread started: Thread Group 1-14
2023-01-14 23:20:16,116 INFO o.a.j.t.JMeterThread: Thread started: Thread Group 1-15
2023-01-14 23:20:16,127 INFO o.a.j.t.JMeterThread: Thread started: Thread Group 1-16
2023-01-14 23:20:16,135 INFO o.a.j.t.JMeterThread: Thread started: Thread Group 1-17
2023-01-14 23:20:16,145 INFO o.a.j.t.JMeterThread: Thread started: Thread Group 1-18
2023-01-14 23:20:16,155 INFO o.a.j.t.JMeterThread: Thread started: Thread Group 1-19
2023-01-14 23:20:16,165 INFO o.a.j.t.JMeterThread: Thread started: Thread Group 1-20
2023-01-14 23:20:16,176 INFO o.a.j.t.JMeterThread: Thread started: Thread Group 1-21
2023-01-14 23:20:16,189 INFO o.a.j.t.JMeterThread: Thread started: Thread Group 1-22
2023-01-14 23:20:16,196 INFO o.a.j.t.JMeterThread: Thread started: Thread Group 1-23
2023-01-14 23:20:16,207 INFO o.a.j.t.JMeterThread: Thread started: Thread Group 1-24
2023-01-14 23:20:16,215 INFO o.a.j.t.JMeterThread: Thread started: Thread Group 1-25
2023-01-14 23:20:16,227 INFO o.a.j.t.JMeterThread: Thread started: Thread Group 1-26
2023-01-14 23:20:16,237 INFO o.a.j.t.JMeterThread: Thread started: Thread Group 1-27
2023-01-14 23:20:16,256 INFO o.a.j.t.JMeterThread: Thread started: Thread Group 1-28
2023-01-14 23:20:16,256 INFO o.a.j.t.JMeterThread: Thread started: Thread Group 1-29
2023-01-14 23:20:16,266 INFO o.a.j.t.JMeterThread: Thread started: Thread Group 1-30
2023-01-14 23:20:16,275 INFO o.a.j.t.JMeterThread: Thread started: Thread Group 1-31
2023-01-14 23:20:16,285 INFO o.a.j.t.JMeterThread: Thread started: Thread Group 1-32
2023-01-14 23:20:16,295 INFO o.a.j.t.JMeterThread: Thread started: Thread Group 1-33
2023-01-14 23:20:16,305 INFO o.a.j.t.JMeterThread: Thread started: Thread Group 1-34
2023-01-14 23:20:16,315 INFO o.a.j.t.JMeterThread: Thread started: Thread Group 1-35
2023-01-14 23:20:16,326 INFO o.a.j.t.JMeterThread: Thread started: Thread Group 1-36
2023-01-14 23:20:16,336 INFO o.a.j.t.JMeterThread: Thread started: Thread Group 1-37
2023-01-14 23:20:16,346 INFO o.a.j.t.JMeterThread: Thread started: Thread Group 1-38
2023-01-14 23:20:16,355 INFO o.a.j.t.JMeterThread: Thread started: Thread Group 1-39
2023-01-14 23:20:16,365 INFO o.a.j.t.JMeterThread: Thread started: Thread Group 1-40
2023-01-14 23:20:16,376 INFO o.a.j.t.JMeterThread: Thread started: Thread Group 1-41
2023-01-14 23:20:16,386 INFO o.a.j.t.JMeterThread: Thread started: Thread Group 1-42
2023-01-14 23:20:16,395 INFO o.a.j.t.JMeterThread: Thread started: Thread Group 1-43
2023-01-14 23:20:16,405 INFO o.a.j.t.JMeterThread: Thread started: Thread Group 1-44
2023-01-14 23:20:16,415 INFO o.a.j.t.JMeterThread: Thread started: Thread Group 1-45
2023-01-14 23:20:16,427 INFO o.a.j.t.JMeterThread: Thread started: Thread Group 1-46
2023-01-14 23:20:16,436 INFO o.a.j.t.JMeterThread: Thread started: Thread Group 1-47
2023-01-14 23:20:16,446 INFO o.a.j.t.JMeterThread: Thread started: Thread Group 1-48
2023-01-14 23:20:16,457 INFO o.a.j.t.JMeterThread: Thread started: Thread Group 1-49
2023-01-14 23:20:16,465 INFO o.a.j.t.JMeterThread: Thread started: Thread Group 1-50
2023-01-14 23:20:16,476 INFO o.a.j.t.JMeterThread: Thread started: Thread Group 1-51
2023-01-14 23:20:16,486 INFO o.a.j.t.JMeterThread: Thread started: Thread Group 1-52
2023-01-14 23:20:16,496 INFO o.a.j.t.JMeterThread: Thread started: Thread Group 1-53
2023-01-14 23:20:16,506 INFO o.a.j.t.JMeterThread: Thread started: Thread Group 1-54
2023-01-14 23:20:16,516 INFO o.a.j.t.JMeterThread: Thread started: Thread Group 1-55
2023-01-14 23:20:16,526 INFO o.a.j.t.JMeterThread: Thread started: Thread Group 1-56
2023-01-14 23:20:16,535 INFO o.a.j.t.JMeterThread: Thread started: Thread Group 1-57
2023-01-14 23:20:16,545 INFO o.a.j.t.JMeterThread: Thread started: Thread Group 1-58
2023-01-14 23:20:16,555 INFO o.a.j.t.JMeterThread: Thread started: Thread Group 1-59
2023-01-14 23:20:16,566 INFO o.a.j.t.JMeterThread: Thread started: Thread Group 1-60
2023-01-14 23:20:16,576 INFO o.a.j.t.JMeterThread: Thread started: Thread Group 1-61
2023-01-14 23:20:16,586 INFO o.a.j.t.JMeterThread: Thread started: Thread Group 1-62
2023-01-14 23:20:16,596 INFO o.a.j.t.JMeterThread: Thread started: Thread Group 1-63
2023-01-14 23:20:16,606 INFO o.a.j.t.JMeterThread: Thread started: Thread Group 1-64
2023-01-14 23:20:16,616 INFO o.a.j.t.JMeterThread: Thread started: Thread Group 1-65
2023-01-14 23:20:16,625 INFO o.a.j.t.JMeterThread: Thread started: Thread Group 1-66
2023-01-14 23:20:16,635 INFO o.a.j.t.JMeterThread: Thread started: Thread Group 1-67
2023-01-14 23:20:16,645 INFO o.a.j.t.JMeterThread: Thread started: Thread Group 1-68
2023-01-14 23:20:16,656 INFO o.a.j.t.JMeterThread: Thread started: Thread Group 1-69
2023-01-14 23:20:16,666 INFO o.a.j.t.JMeterThread: Thread started: Thread Group 1-70
2023-01-14 23:20:16,676 INFO o.a.j.t.JMeterThread: Thread started: Thread Group 1-71
2023-01-14 23:20:16,686 INFO o.a.j.t.JMeterThread: Thread started: Thread Group 1-72
2023-01-14 23:20:16,695 INFO o.a.j.t.JMeterThread: Thread started: Thread Group 1-73
