2022-12-12 13:53:40,665 INFO o.a.j.u.JMeterUtils: Setting Locale to en_EN
2022-12-12 13:53:40,677 INFO o.a.j.JMeter: Loading user properties from: user.properties
2022-12-12 13:53:40,678 INFO o.a.j.JMeter: Loading system properties from: system.properties
2022-12-12 13:53:40,682 INFO o.a.j.JMeter: Copyright (c) 1998-2022 The Apache Software Foundation
2022-12-12 13:53:40,682 INFO o.a.j.JMeter: Version 5.5
2022-12-12 13:53:40,682 INFO o.a.j.JMeter: java.version=19.0.1
2022-12-12 13:53:40,682 INFO o.a.j.JMeter: java.vm.name=OpenJDK 64-Bit Server VM
2022-12-12 13:53:40,682 INFO o.a.j.JMeter: os.name=Linux
2022-12-12 13:53:40,682 INFO o.a.j.JMeter: os.arch=amd64
2022-12-12 13:53:40,682 INFO o.a.j.JMeter: os.version=5.15.78-1-MANJARO
2022-12-12 13:53:40,682 INFO o.a.j.JMeter: file.encoding=UTF-8
2022-12-12 13:53:40,682 INFO o.a.j.JMeter: java.awt.headless=true
2022-12-12 13:53:40,682 INFO o.a.j.JMeter: Max memory     =1073741824
2022-12-12 13:53:40,682 INFO o.a.j.JMeter: Available Processors =8
2022-12-12 13:53:40,690 INFO o.a.j.JMeter: Default Locale=English (EN)
2022-12-12 13:53:40,690 INFO o.a.j.JMeter: JMeter  Locale=English (EN)
2022-12-12 13:53:40,690 INFO o.a.j.JMeter: JMeterHome=/home/miyagi/Desktop/ASCN/12_12/apache-jmeter-5.5
2022-12-12 13:53:40,690 INFO o.a.j.JMeter: user.dir  =/home/miyagi/Desktop/ASCN/12_12/apache-jmeter-5.5/bin
2022-12-12 13:53:40,690 INFO o.a.j.JMeter: PWD       =/home/miyagi/Desktop/ASCN/12_12/apache-jmeter-5.5/bin
2022-12-12 13:53:40,690 INFO o.a.j.JMeter: IP: 127.0.1.1 Name: TUF61 FullName: TUF61
2022-12-12 13:53:40,702 INFO o.a.j.s.FileServer: Default base='/home/miyagi/Desktop/ASCN/12_12/apache-jmeter-5.5/bin'
2022-12-12 13:53:40,702 INFO o.a.j.s.FileServer: Set new base='/home/miyagi/Desktop/ASCN/12_12/apache-jmeter-5.5/bin'
2022-12-12 13:53:40,815 INFO o.a.j.s.SaveService: Testplan (JMX) version: 2.2. Testlog (JTL) version: 2.2
2022-12-12 13:53:40,833 INFO o.a.j.s.SaveService: Using SaveService properties version 5.0
2022-12-12 13:53:40,834 INFO o.a.j.s.SaveService: Using SaveService properties file encoding UTF-8
2022-12-12 13:53:40,836 INFO o.a.j.s.SaveService: Loading file: Thread Group.jmx
2022-12-12 13:53:40,860 INFO o.a.j.p.h.s.HTTPSamplerBase: Parser for text/html is org.apache.jmeter.protocol.http.parser.LagartoBasedHtmlParser
2022-12-12 13:53:40,860 INFO o.a.j.p.h.s.HTTPSamplerBase: Parser for application/xhtml+xml is org.apache.jmeter.protocol.http.parser.LagartoBasedHtmlParser
2022-12-12 13:53:40,861 INFO o.a.j.p.h.s.HTTPSamplerBase: Parser for application/xml is org.apache.jmeter.protocol.http.parser.LagartoBasedHtmlParser
2022-12-12 13:53:40,861 INFO o.a.j.p.h.s.HTTPSamplerBase: Parser for text/xml is org.apache.jmeter.protocol.http.parser.LagartoBasedHtmlParser
2022-12-12 13:53:40,861 INFO o.a.j.p.h.s.HTTPSamplerBase: Parser for text/vnd.wap.wml is org.apache.jmeter.protocol.http.parser.RegexpHTMLParser
2022-12-12 13:53:40,861 INFO o.a.j.p.h.s.HTTPSamplerBase: Parser for text/css is org.apache.jmeter.protocol.http.parser.CssParser
2022-12-12 13:53:40,873 INFO o.a.j.JMeter: Creating summariser <summary>
2022-12-12 13:53:40,880 INFO o.a.j.e.StandardJMeterEngine: Running the test!
2022-12-12 13:53:40,881 INFO o.a.j.s.SampleEvent: List of sample_variables: []
2022-12-12 13:53:40,881 INFO o.a.j.s.SampleEvent: List of sample_variables: []
2022-12-12 13:53:40,883 INFO o.a.j.e.u.CompoundVariable: Note: Function class names must contain the string: '.functions.'
2022-12-12 13:53:40,884 INFO o.a.j.e.u.CompoundVariable: Note: Function class names must not contain the string: '.gui.'
2022-12-12 13:53:40,917 INFO o.a.j.JMeter: Running test (1670853220917)
2022-12-12 13:53:40,932 INFO o.a.j.e.StandardJMeterEngine: Starting ThreadGroup: 1 : Thread Group
2022-12-12 13:53:40,932 INFO o.a.j.e.StandardJMeterEngine: Starting 100 threads for group Thread Group.
2022-12-12 13:53:40,932 INFO o.a.j.e.StandardJMeterEngine: Thread will continue on error
2022-12-12 13:53:40,933 INFO o.a.j.t.ThreadGroup: Starting thread group... number=1 threads=100 ramp-up=1 delayedStart=false
2022-12-12 13:53:40,937 INFO o.a.j.t.JMeterThread: Thread started: Thread Group 1-1
2022-12-12 13:53:40,945 INFO o.a.j.t.JMeterThread: Thread started: Thread Group 1-2
2022-12-12 13:53:40,945 INFO o.a.j.t.ThreadGroup: Started thread group number 1
2022-12-12 13:53:40,946 INFO o.a.j.e.StandardJMeterEngine: All thread groups have been started
2022-12-12 13:53:40,955 INFO o.a.j.t.JMeterThread: Thread started: Thread Group 1-3
2022-12-12 13:53:40,964 INFO o.a.j.t.JMeterThread: Thread started: Thread Group 1-4
2022-12-12 13:53:40,974 INFO o.a.j.t.JMeterThread: Thread started: Thread Group 1-5
2022-12-12 13:53:40,984 INFO o.a.j.t.JMeterThread: Thread started: Thread Group 1-6
2022-12-12 13:53:40,994 INFO o.a.j.t.JMeterThread: Thread started: Thread Group 1-7
2022-12-12 13:53:41,004 INFO o.a.j.t.JMeterThread: Thread started: Thread Group 1-8
2022-12-12 13:53:41,013 INFO o.a.j.t.JMeterThread: Thread started: Thread Group 1-9
2022-12-12 13:53:41,023 INFO o.a.j.t.JMeterThread: Thread started: Thread Group 1-10
2022-12-12 13:53:41,034 INFO o.a.j.t.JMeterThread: Thread started: Thread Group 1-11
2022-12-12 13:53:41,044 INFO o.a.j.t.JMeterThread: Thread started: Thread Group 1-12
2022-12-12 13:53:41,054 INFO o.a.j.t.JMeterThread: Thread started: Thread Group 1-13
2022-12-12 13:53:41,063 INFO o.a.j.t.JMeterThread: Thread started: Thread Group 1-14
2022-12-12 13:53:41,073 INFO o.a.j.t.JMeterThread: Thread started: Thread Group 1-15
2022-12-12 13:53:41,083 INFO o.a.j.t.JMeterThread: Thread started: Thread Group 1-16
2022-12-12 13:53:41,093 INFO o.a.j.t.JMeterThread: Thread started: Thread Group 1-17
2022-12-12 13:53:41,103 INFO o.a.j.t.JMeterThread: Thread started: Thread Group 1-18
2022-12-12 13:53:41,113 INFO o.a.j.t.JMeterThread: Thread started: Thread Group 1-19
2022-12-12 13:53:41,124 INFO o.a.j.t.JMeterThread: Thread started: Thread Group 1-20
2022-12-12 13:53:41,134 INFO o.a.j.t.JMeterThread: Thread started: Thread Group 1-21
2022-12-12 13:53:41,144 INFO o.a.j.t.JMeterThread: Thread started: Thread Group 1-22
2022-12-12 13:53:41,153 INFO o.a.j.t.JMeterThread: Thread started: Thread Group 1-23
2022-12-12 13:53:41,163 INFO o.a.j.t.JMeterThread: Thread started: Thread Group 1-24
2022-12-12 13:53:41,173 INFO o.a.j.t.JMeterThread: Thread started: Thread Group 1-25
2022-12-12 13:53:41,183 INFO o.a.j.t.JMeterThread: Thread started: Thread Group 1-26
2022-12-12 13:53:41,193 INFO o.a.j.t.JMeterThread: Thread started: Thread Group 1-27
2022-12-12 13:53:41,203 INFO o.a.j.t.JMeterThread: Thread started: Thread Group 1-28
2022-12-12 13:53:41,213 INFO o.a.j.t.JMeterThread: Thread started: Thread Group 1-29
2022-12-12 13:53:41,224 INFO o.a.j.t.JMeterThread: Thread started: Thread Group 1-30
2022-12-12 13:53:41,234 INFO o.a.j.t.JMeterThread: Thread started: Thread Group 1-31
2022-12-12 13:53:41,244 INFO o.a.j.t.JMeterThread: Thread started: Thread Group 1-32
2022-12-12 13:53:41,248 INFO o.a.j.p.h.s.HTTPHCAbstractImpl: Local host = TUF61
2022-12-12 13:53:41,252 INFO o.a.j.p.h.s.HTTPHC4Impl: HTTP request retry count = 0
2022-12-12 13:53:41,253 INFO o.a.j.t.JMeterThread: Thread started: Thread Group 1-33
2022-12-12 13:53:41,254 INFO o.a.j.s.SampleResult: Note: Sample TimeStamps are START times
2022-12-12 13:53:41,254 INFO o.a.j.s.SampleResult: sampleresult.default.encoding is set to ISO-8859-1
2022-12-12 13:53:41,254 INFO o.a.j.s.SampleResult: sampleresult.useNanoTime=true
2022-12-12 13:53:41,254 INFO o.a.j.s.SampleResult: sampleresult.nanoThreadSleep=5000
2022-12-12 13:53:41,263 INFO o.a.j.t.JMeterThread: Thread started: Thread Group 1-34
2022-12-12 13:53:41,273 INFO o.a.j.t.JMeterThread: Thread started: Thread Group 1-35
2022-12-12 13:53:41,283 INFO o.a.j.t.JMeterThread: Thread started: Thread Group 1-36
2022-12-12 13:53:41,293 INFO o.a.j.t.JMeterThread: Thread started: Thread Group 1-37
2022-12-12 13:53:41,303 INFO o.a.j.t.JMeterThread: Thread started: Thread Group 1-38
2022-12-12 13:53:41,313 INFO o.a.j.t.JMeterThread: Thread started: Thread Group 1-39
2022-12-12 13:53:41,324 INFO o.a.j.t.JMeterThread: Thread started: Thread Group 1-40
2022-12-12 13:53:41,334 INFO o.a.j.t.JMeterThread: Thread started: Thread Group 1-41
2022-12-12 13:53:41,343 INFO o.a.j.t.JMeterThread: Thread started: Thread Group 1-42
2022-12-12 13:53:41,353 INFO o.a.j.t.JMeterThread: Thread started: Thread Group 1-43
2022-12-12 13:53:41,363 INFO o.a.j.t.JMeterThread: Thread started: Thread Group 1-44
2022-12-12 13:53:41,373 INFO o.a.j.t.JMeterThread: Thread started: Thread Group 1-45
2022-12-12 13:53:41,383 INFO o.a.j.t.JMeterThread: Thread started: Thread Group 1-46
2022-12-12 13:53:41,393 INFO o.a.j.t.JMeterThread: Thread started: Thread Group 1-47
2022-12-12 13:53:41,403 INFO o.a.j.t.JMeterThread: Thread started: Thread Group 1-48
2022-12-12 13:53:41,413 INFO o.a.j.t.JMeterThread: Thread started: Thread Group 1-49
2022-12-12 13:53:41,424 INFO o.a.j.t.JMeterThread: Thread started: Thread Group 1-50
2022-12-12 13:53:41,434 INFO o.a.j.t.JMeterThread: Thread started: Thread Group 1-51
2022-12-12 13:53:41,444 INFO o.a.j.t.JMeterThread: Thread started: Thread Group 1-52
2022-12-12 13:53:41,454 INFO o.a.j.t.JMeterThread: Thread started: Thread Group 1-53
2022-12-12 13:53:41,463 INFO o.a.j.t.JMeterThread: Thread started: Thread Group 1-54
2022-12-12 13:53:41,473 INFO o.a.j.t.JMeterThread: Thread started: Thread Group 1-55
2022-12-12 13:53:41,483 INFO o.a.j.t.JMeterThread: Thread started: Thread Group 1-56
2022-12-12 13:53:41,493 INFO o.a.j.t.JMeterThread: Thread started: Thread Group 1-57
2022-12-12 13:53:41,503 INFO o.a.j.t.JMeterThread: Thread started: Thread Group 1-58
2022-12-12 13:53:41,513 INFO o.a.j.t.JMeterThread: Thread started: Thread Group 1-59
2022-12-12 13:53:41,523 INFO o.a.j.t.JMeterThread: Thread started: Thread Group 1-60
2022-12-12 13:53:41,533 INFO o.a.j.t.JMeterThread: Thread started: Thread Group 1-61
2022-12-12 13:53:41,543 INFO o.a.j.t.JMeterThread: Thread started: Thread Group 1-62
2022-12-12 13:53:41,554 INFO o.a.j.t.JMeterThread: Thread started: Thread Group 1-63
2022-12-12 13:53:41,564 INFO o.a.j.t.JMeterThread: Thread started: Thread Group 1-64
2022-12-12 13:53:41,574 INFO o.a.j.t.JMeterThread: Thread started: Thread Group 1-65
2022-12-12 13:53:41,584 INFO o.a.j.t.JMeterThread: Thread started: Thread Group 1-66
2022-12-12 13:53:41,593 INFO o.a.j.t.JMeterThread: Thread started: Thread Group 1-67
2022-12-12 13:53:41,603 INFO o.a.j.t.JMeterThread: Thread started: Thread Group 1-68
2022-12-12 13:53:41,613 INFO o.a.j.t.JMeterThread: Thread started: Thread Group 1-69
2022-12-12 13:53:41,623 INFO o.a.j.t.JMeterThread: Thread started: Thread Group 1-70
2022-12-12 13:53:41,633 INFO o.a.j.t.JMeterThread: Thread started: Thread Group 1-71
2022-12-12 13:53:41,643 INFO o.a.j.t.JMeterThread: Thread started: Thread Group 1-72
2022-12-12 13:53:41,653 INFO o.a.j.t.JMeterThread: Thread started: Thread Group 1-73
2022-12-12 13:53:41,663 INFO o.a.j.t.JMeterThread: Thread started: Thread Group 1-74
2022-12-12 13:53:41,673 INFO o.a.j.t.JMeterThread: Thread started: Thread Group 1-75
2022-12-12 13:53:41,684 INFO o.a.j.t.JMeterThread: Thread started: Thread Group 1-76
2022-12-12 13:53:41,694 INFO o.a.j.t.JMeterThread: Thread started: Thread Group 1-77
2022-12-12 13:53:41,703 INFO o.a.j.t.JMeterThread: Thread started: Thread Group 1-78
2022-12-12 13:53:41,713 INFO o.a.j.t.JMeterThread: Thread started: Thread Group 1-79
2022-12-12 13:53:41,723 INFO o.a.j.t.JMeterThread: Thread started: Thread Group 1-80
2022-12-12 13:53:41,733 INFO o.a.j.t.JMeterThread: Thread started: Thread Group 1-81
2022-12-12 13:53:41,743 INFO o.a.j.t.JMeterThread: Thread started: Thread Group 1-82
2022-12-12 13:53:41,753 INFO o.a.j.t.JMeterThread: Thread started: Thread Group 1-83
2022-12-12 13:53:41,763 INFO o.a.j.t.JMeterThread: Thread started: Thread Group 1-84
2022-12-12 13:53:41,773 INFO o.a.j.t.JMeterThread: Thread started: Thread Group 1-85
2022-12-12 13:53:41,783 INFO o.a.j.t.JMeterThread: Thread started: Thread Group 1-86
2022-12-12 13:53:41,794 INFO o.a.j.t.JMeterThread: Thread started: Thread Group 1-87
2022-12-12 13:53:41,804 INFO o.a.j.t.JMeterThread: Thread started: Thread Group 1-88
2022-12-12 13:53:41,814 INFO o.a.j.t.JMeterThread: Thread started: Thread Group 1-89
2022-12-12 13:53:41,823 INFO o.a.j.t.JMeterThread: Thread started: Thread Group 1-90
2022-12-12 13:53:41,833 INFO o.a.j.t.JMeterThread: Thread started: Thread Group 1-91
2022-12-12 13:53:41,843 INFO o.a.j.t.JMeterThread: Thread started: Thread Group 1-92
2022-12-12 13:53:41,853 INFO o.a.j.t.JMeterThread: Thread started: Thread Group 1-93
2022-12-12 13:53:41,863 INFO o.a.j.t.JMeterThread: Thread started: Thread Group 1-94
2022-12-12 13:53:41,873 INFO o.a.j.t.JMeterThread: Thread started: Thread Group 1-95
2022-12-12 13:53:41,883 INFO o.a.j.t.JMeterThread: Thread started: Thread Group 1-96
2022-12-12 13:53:41,893 INFO o.a.j.t.JMeterThread: Thread started: Thread Group 1-97
2022-12-12 13:53:41,903 INFO o.a.j.t.JMeterThread: Thread started: Thread Group 1-98
2022-12-12 13:53:41,913 INFO o.a.j.t.JMeterThread: Thread started: Thread Group 1-99
2022-12-12 13:53:41,924 INFO o.a.j.t.JMeterThread: Thread started: Thread Group 1-100
2022-12-12 13:54:00,032 INFO o.a.j.r.Summariser: summary +   1318 in 00:00:19 =   69.0/s Avg:  1041 Min:    47 Max:  1497 Err:     0 (0.00%) Active: 100 Started: 100 Finished: 0
2022-12-12 13:54:14,325 INFO o.a.j.r.ResultCollector: Shutdown hook started
2022-12-12 13:54:14,326 INFO o.a.j.r.ResultCollector: Shutdown hook ended
